<?xml version="1.0" encoding="UTF-8"?>
<!-- Generated by org.testng.reporters.JUnitXMLReporter -->
<testsuite ignored="0" hostname="Srish" failures="0" tests="3" name="Account Validation chrome" time="19.079" errors="0" timestamp="2024-12-09T18:23:49 IST">
  <testcase classname="com.test.GoogleTest" name="check" time="0.018"/>
  <testcase classname="com.test.firstSeleniumSession" name="testing" time="4.889"/>
  <testcase classname="com.test.practice" name="register" time="10.622"/>
</testsuite> <!-- Account Validation chrome -->
